Loading settings from quickstep.cfg
QS=/fastdisk/quickstep/build/quickstep_cli_shell

QS_ARGS_BASE="-printing_enabled=true -num_workers=2 -worker_affinities=19,19"

QS_ARGS_NUMA_LOAD=""

QS_ARGS_NUMA_RUN="-preload_buffer_pool=false"

CREATE_SQL="create.sql"

LOAD_DATA=false

TPCH_DATA_PATH=/fastdisk/SQL-benchmark-data-generator/tpch-1

QS_STORAGE=/slowdisk/qs_tpch_1_qstor

QUERIES="01 02 03 04 05 06 07 08 09 10 11 12 13 14 15 17 18 19 20 21 22"
Running a subset of queries with length 21
/fastdisk/quickstep/build/quickstep_cli_shell -printing_enabled=true -num_workers=2 -worker_affinities=19,19 -preload_buffer_pool=false -storage_path=/slowdisk/qs_tpch_1_qstor
Query 01.sql
(4 rows)
Query 02.sql
(100 rows)
Query 03.sql
(10 rows)
Query 04.sql
(5 rows)
Query 05.sql
(5 rows)
Query 06.sql
(1 row)
Query 07.sql
(4 rows)
Query 08.sql
(2 rows)
Query 09.sql
(175 rows)
Query 10.sql
(20 rows)
Query 11.sql
(28574 rows)
Query 12.sql
(2 rows)
Query 13.sql
(42 rows)
Query 14.sql
